<?xml version="1.0" encoding="UTF-8"?>
<!-- Generated by org.testng.reporters.JUnitReportReporter -->
<testsuite hostname="DESKTOP-DEV86DM" name="org.execution.DemoForLog4j" tests="2" failures="0" timestamp="12 Feb 2020 07:20:29 GMT" time="25.976" errors="0">
  <testcase name="facebooklogintest" time="12.706" classname="org.execution.DemoForLog4j"/>
  <testcase name="facebooktest" time="13.270" classname="org.execution.DemoForLog4j"/>
</testsuite> <!-- org.execution.DemoForLog4j -->
