<?xml version="1.0" encoding="UTF-8"?>
<!-- Generated by org.testng.reporters.JUnitReportReporter -->
<testsuite hostname="DESKTOP-DEV86DM" name="org.parallel.crossBrowser.ParallelExecution" tests="5" failures="0" timestamp="7 Feb 2020 11:44:38 GMT" time="0.155" errors="0">
  <testcase name="testCasefive" time="0.031" classname="org.parallel.crossBrowser.ParallelExecution"/>
  <testcase name="testCaseOne" time="0.031" classname="org.parallel.crossBrowser.ParallelExecution"/>
  <testcase name="testCaseTwo" time="0.031" classname="org.parallel.crossBrowser.ParallelExecution"/>
  <testcase name="testCaseThree" time="0.031" classname="org.parallel.crossBrowser.ParallelExecution"/>
  <testcase name="testCaseFour" time="0.031" classname="org.parallel.crossBrowser.ParallelExecution"/>
</testsuite> <!-- org.parallel.crossBrowser.ParallelExecution -->
