<?xml version="1.0" encoding="UTF-8"?>
<!-- Generated by org.testng.reporters.JUnitReportReporter -->
<testsuite hostname="DESKTOP-DEV86DM" name="org.parallel.crossBrowser.ParallelExeByClassLevelFour" tests="5" failures="0" timestamp="7 Feb 2020 12:17:06 GMT" time="0.031" errors="0">
  <testcase name="testCase34" time="0.016" classname="org.parallel.crossBrowser.ParallelExeByClassLevelFour"/>
  <testcase name="testCase31" time="0.000" classname="org.parallel.crossBrowser.ParallelExeByClassLevelFour"/>
  <testcase name="testCase35" time="0.000" classname="org.parallel.crossBrowser.ParallelExeByClassLevelFour"/>
  <testcase name="testCase33" time="0.000" classname="org.parallel.crossBrowser.ParallelExeByClassLevelFour"/>
  <testcase name="testCase32" time="0.015" classname="org.parallel.crossBrowser.ParallelExeByClassLevelFour"/>
</testsuite> <!-- org.parallel.crossBrowser.ParallelExeByClassLevelFour -->
