<?xml version="1.0" encoding="UTF-8"?>
<!-- Generated by org.testng.reporters.JUnitReportReporter -->
<testsuite hostname="DESKTOP-DEV86DM" name="org.execution.DemoForGroupings" tests="3" failures="0" timestamp="7 Feb 2020 07:58:04 GMT" time="0.008" errors="0">
  <testcase name="testCaseOne" time="0.008" classname="org.execution.DemoForGroupings"/>
  <testcase name="testCaseThree" time="0.000" classname="org.execution.DemoForGroupings"/>
  <testcase name="testCasefive" time="0.000" classname="org.execution.DemoForGroupings"/>
</testsuite> <!-- org.execution.DemoForGroupings -->
