<?xml version="1.0" encoding="UTF-8"?>
<!-- Generated by org.testng.reporters.JUnitReportReporter -->
<testsuite hostname="DESKTOP-DEV86DM" name="org.execution.DemoForPriority" tests="5" failures="0" timestamp="7 Feb 2020 10:22:02 GMT" time="0.025" errors="0">
  <testcase name="testCaseThree" time="0.002" classname="org.execution.DemoForPriority"/>
  <testcase name="testCaseTwo" time="0.006" classname="org.execution.DemoForPriority"/>
  <testcase name="testCaseFour" time="0.017" classname="org.execution.DemoForPriority"/>
  <testcase name="testCaseOne" time="0.000" classname="org.execution.DemoForPriority"/>
  <testcase name="testCasefive" time="0.000" classname="org.execution.DemoForPriority"/>
</testsuite> <!-- org.execution.DemoForPriority -->
