<?xml version="1.0" encoding="UTF-8"?>
<!-- Generated by org.testng.reporters.JUnitReportReporter -->
<testsuite hostname="DESKTOP-DEV86DM" name="org.execution.DemoForParameters" tests="1" failures="0" timestamp="7 Feb 2020 10:19:58 GMT" time="0.024" errors="0">
  <testcase name="testCaseOne" time="0.024" classname="org.execution.DemoForParameters"/>
</testsuite> <!-- org.execution.DemoForParameters -->
