<?xml version="1.0" encoding="UTF-8"?>
<!-- Generated by org.testng.reporters.JUnitReportReporter -->
<testsuite hostname="DESKTOP-DEV86DM" name="org.execution.DemoForInvocationCount" tests="20" failures="0" timestamp="7 Feb 2020 10:15:32 GMT" time="0.034" errors="0">
  <testcase name="testCaseThree" time="0.001" classname="org.execution.DemoForInvocationCount"/>
  <testcase name="testCaseFour" time="0.001" classname="org.execution.DemoForInvocationCount"/>
  <testcase name="testCaseOne" time="0.015" classname="org.execution.DemoForInvocationCount"/>
  <testcase name="testCaseThree" time="0.002" classname="org.execution.DemoForInvocationCount"/>
  <testcase name="testCaseTwo" time="0.002" classname="org.execution.DemoForInvocationCount"/>
  <testcase name="testCaseFour" time="0.005" classname="org.execution.DemoForInvocationCount"/>
  <testcase name="testCaseOne" time="0.001" classname="org.execution.DemoForInvocationCount"/>
  <testcase name="testCaseTwo" time="0.000" classname="org.execution.DemoForInvocationCount"/>
  <testcase name="testCasefive" time="0.000" classname="org.execution.DemoForInvocationCount"/>
  <testcase name="testCaseOne" time="0.001" classname="org.execution.DemoForInvocationCount"/>
  <testcase name="testCaseThree" time="0.000" classname="org.execution.DemoForInvocationCount"/>
  <testcase name="testCaseTwo" time="0.002" classname="org.execution.DemoForInvocationCount"/>
  <testcase name="testCaseOne" time="0.001" classname="org.execution.DemoForInvocationCount"/>
  <testcase name="testCaseTwo" time="0.000" classname="org.execution.DemoForInvocationCount"/>
  <testcase name="testCaseTwo" time="0.001" classname="org.execution.DemoForInvocationCount"/>
  <testcase name="testCasefive" time="0.001" classname="org.execution.DemoForInvocationCount"/>
  <testcase name="testCaseOne" time="0.000" classname="org.execution.DemoForInvocationCount"/>
  <testcase name="testCaseFour" time="0.001" classname="org.execution.DemoForInvocationCount"/>
  <testcase name="testCaseOne" time="0.000" classname="org.execution.DemoForInvocationCount"/>
  <testcase name="testCaseThree" time="0.000" classname="org.execution.DemoForInvocationCount"/>
</testsuite> <!-- org.execution.DemoForInvocationCount -->
