<?xml version="1.0" encoding="UTF-8"?>
<!-- Generated by org.testng.reporters.JUnitReportReporter -->
<testsuite hostname="DESKTOP-DEV86DM" name="org.parallel.crossBrowser.ParallelExeByClassLevelOne" tests="5" failures="0" timestamp="7 Feb 2020 12:17:06 GMT" time="0.016" errors="0">
  <testcase name="testCase1" time="0.000" classname="org.parallel.crossBrowser.ParallelExeByClassLevelOne"/>
  <testcase name="testCase2" time="0.000" classname="org.parallel.crossBrowser.ParallelExeByClassLevelOne"/>
  <testcase name="testCase5" time="0.000" classname="org.parallel.crossBrowser.ParallelExeByClassLevelOne"/>
  <testcase name="testCase3" time="0.016" classname="org.parallel.crossBrowser.ParallelExeByClassLevelOne"/>
  <testcase name="testCase4" time="0.000" classname="org.parallel.crossBrowser.ParallelExeByClassLevelOne"/>
</testsuite> <!-- org.parallel.crossBrowser.ParallelExeByClassLevelOne -->
