<?xml version="1.0" encoding="UTF-8"?>
<!-- Generated by org.testng.reporters.JUnitReportReporter -->
<testsuite hostname="DESKTOP-DEV86DM" name="org.parallel.crossBrowser.ParallelExeByClassLevelThree" tests="5" failures="0" timestamp="7 Feb 2020 12:17:06 GMT" time="0.031" errors="0">
  <testcase name="testCase25" time="0.016" classname="org.parallel.crossBrowser.ParallelExeByClassLevelThree"/>
  <testcase name="testCase23" time="0.000" classname="org.parallel.crossBrowser.ParallelExeByClassLevelThree"/>
  <testcase name="testCase24" time="0.000" classname="org.parallel.crossBrowser.ParallelExeByClassLevelThree"/>
  <testcase name="testCase22" time="0.015" classname="org.parallel.crossBrowser.ParallelExeByClassLevelThree"/>
  <testcase name="testCase21" time="0.000" classname="org.parallel.crossBrowser.ParallelExeByClassLevelThree"/>
</testsuite> <!-- org.parallel.crossBrowser.ParallelExeByClassLevelThree -->
