<?xml version="1.0" encoding="UTF-8"?>
<!-- Generated by org.testng.reporters.JUnitReportReporter -->
<testsuite hostname="DESKTOP-DEV86DM" name="org.parallel.crossBrowser.ParallelExeByClassLevelFive" tests="5" failures="0" timestamp="7 Feb 2020 12:17:06 GMT" time="0.016" errors="0">
  <testcase name="testCase45" time="0.016" classname="org.parallel.crossBrowser.ParallelExeByClassLevelFive"/>
  <testcase name="testCase44" time="0.000" classname="org.parallel.crossBrowser.ParallelExeByClassLevelFive"/>
  <testcase name="testCase41" time="0.000" classname="org.parallel.crossBrowser.ParallelExeByClassLevelFive"/>
  <testcase name="testCase43" time="0.000" classname="org.parallel.crossBrowser.ParallelExeByClassLevelFive"/>
  <testcase name="testCase42" time="0.000" classname="org.parallel.crossBrowser.ParallelExeByClassLevelFive"/>
</testsuite> <!-- org.parallel.crossBrowser.ParallelExeByClassLevelFive -->
