<?xml version="1.0" encoding="UTF-8"?>
<!-- Generated by org.testng.reporters.JUnitReportReporter -->
<testsuite hostname="DESKTOP-DEV86DM" name="org.parallel.crossBrowser.ParallelExeByClassLevelTwo" tests="5" failures="0" timestamp="7 Feb 2020 12:17:06 GMT" time="0.031" errors="0">
  <testcase name="testCase12" time="0.015" classname="org.parallel.crossBrowser.ParallelExeByClassLevelTwo"/>
  <testcase name="testCase13" time="0.000" classname="org.parallel.crossBrowser.ParallelExeByClassLevelTwo"/>
  <testcase name="testCase11" time="0.000" classname="org.parallel.crossBrowser.ParallelExeByClassLevelTwo"/>
  <testcase name="testCase15" time="0.016" classname="org.parallel.crossBrowser.ParallelExeByClassLevelTwo"/>
  <testcase name="testCase14" time="0.000" classname="org.parallel.crossBrowser.ParallelExeByClassLevelTwo"/>
</testsuite> <!-- org.parallel.crossBrowser.ParallelExeByClassLevelTwo -->
