<?xml version="1.0" encoding="UTF-8"?>
<!-- Generated by org.testng.reporters.JUnitReportReporter -->
<testsuite hostname="DESKTOP-DEV86DM" name="org.execution.Executions" tests="1" failures="0" timestamp="12 Feb 2020 07:08:03 GMT" time="8.145" errors="0">
  <testcase name="testCaseOne" time="8.145" classname="org.execution.Executions"/>
</testsuite> <!-- org.execution.Executions -->
