<?xml version="1.0" encoding="UTF-8"?>
<!-- Generated by org.testng.reporters.JUnitReportReporter -->
<testsuite hostname="DESKTOP-DEV86DM" name="org.execution.DemoForDataProvider" tests="3" failures="0" timestamp="7 Feb 2020 10:01:28 GMT" time="0.018" errors="0">
  <testcase name="testCaseOne" time="0.011" classname="org.execution.DemoForDataProvider"/>
  <testcase name="testCaseOne" time="0.006" classname="org.execution.DemoForDataProvider"/>
  <testcase name="testCaseOne" time="0.001" classname="org.execution.DemoForDataProvider"/>
</testsuite> <!-- org.execution.DemoForDataProvider -->
